(node:17972) MaxListenersExceededWarning: Possible EventEmitter memory leak detected. 11 uncaughtException listeners added. Use emitter.setMaxListeners() to increase limit
2019-09-16T10:33:56.368Z ERROR [lib/chaincode.js] The "peer.address" program argument must be set to a legitimate value of <host>:<port> 
2019-09-16T10:33:56.372Z ERROR [lib/chaincode.js] The "peer.address" program argument can not be set to an "http(s)" url, use grpc(s) or omit the protocol 
schema $id ignored http://json-schema.org/draft-07/schema#
schema $id ignored http://json-schema.org/draft-07/schema#
schema $id ignored http://json-schema.org/draft-07/schema#
schema $id ignored http://json-schema.org/draft-07/schema#
schema $id ignored http://json-schema.org/draft-07/schema#
schema $id ignored http://json-schema.org/draft-07/schema#
schema $id ignored http://json-schema.org/draft-07/schema#
schema $id ignored http://json-schema.org/draft-07/schema#
schema $id ignored http://json-schema.org/draft-07/schema#
schema $id ignored http://json-schema.org/draft-07/schema#
schema $id ignored http://json-schema.org/draft-07/schema#
schema $id ignored http://json-schema.org/draft-07/schema#
schema $id ignored http://json-schema.org/draft-07/schema#
schema $id ignored http://json-schema.org/draft-07/schema#
schema $id ignored http://json-schema.org/draft-07/schema#
schema $id ignored https://example.com/person.schema.json
schema $id ignored https://example.com/person.schema.json
schema $id ignored https://example.com/person.schema.json
schema $id ignored https://example.com/person.schema.json
2019-09-16T10:33:56.832Z ERROR [contracts-spi/chaincodefromcontract.js] a logging prefix Error: Contract name is not known: name 
WARNING: Replacing existing mock for module: ajv
WARNING: loading non-allowed module: ./refs/json-schema-draft-07.json
WARNING: Replacing existing mock for module: ajv
WARNING: loading non-allowed module: ./refs/json-schema-draft-07.json
WARNING: Replacing existing mock for module: ajv
WARNING: loading non-allowed module: ./refs/json-schema-draft-07.json
WARNING: Replacing existing mock for module: ajv
WARNING: loading non-allowed module: ./refs/json-schema-draft-07.json
WARNING: Replacing existing mock for module: ajv
WARNING: loading non-allowed module: ./refs/json-schema-draft-07.json
WARNING: Replacing existing mock for module: ajv
WARNING: loading non-allowed module: ./refs/json-schema-draft-07.json
WARNING: Replacing existing mock for module: ajv
WARNING: loading non-allowed module: ./refs/json-schema-draft-07.json
WARNING: Replacing existing mock for module: ajv
WARNING: loading non-allowed module: ./refs/json-schema-draft-07.json
WARNING: Replacing existing mock for module: ajv
WARNING: loading non-allowed module: ./refs/json-schema-draft-07.json
WARNING: Replacing existing mock for module: ajv
WARNING: loading non-allowed module: ./refs/json-schema-draft-07.json
2019-09-16T10:33:56.941Z ERROR [contracts-spi/datamarshall.js] undefined Expected 1 parameters, but 0 have been supplied 
WARNING: Replacing existing mock for module: ajv
WARNING: loading non-allowed module: ./refs/json-schema-draft-07.json
WARNING: Replacing existing mock for module: ajv
WARNING: loading non-allowed module: ./refs/json-schema-draft-07.json
WARNING: Replacing existing mock for module: ajv
WARNING: loading non-allowed module: ./refs/json-schema-draft-07.json
WARNING: Replacing existing mock for module: ajv
WARNING: loading non-allowed module: ./refs/json-schema-draft-07.json
2019-09-16T10:33:56.971Z ERROR [lib/handler.js] Failed to find a message for transaction context id theChannelIDaTX 
2019-09-16T10:33:57.025Z ERROR [lib/handler.js] Chaincode is in "created" state, can only process messages of type "registered", but received "NOT REGISTERED" 
2019-09-16T10:33:57.054Z ERROR [lib/handler.js] Chaincode is in "ready" state, can only process messages of type "established", but received "NOT REGISTERED" 
2019-09-16T10:33:57.228Z ERROR [lib/handler.js] Received unknown message from the peer. Exiting. 
2019-09-16T10:33:57.274Z ERROR [lib/handler.js] Chat stream with peer - on error: {} 
2019-09-16T10:33:57.301Z ERROR [lib/handler.js] Chat stream with peer - on error: "Error\n    at Context.it (/home/matthew/go/src/github.com/hyperledger/fabric-chaincode-node/libraries/fabric-shim/test/unit/handler.js:794:35)\n    at callFn (/home/matthew/go/src/github.com/hyperledger/fabric-chaincode-node/common/temp/node_modules/mocha/lib/runnable.js:372:21)\n    at Test.Runnable.run (/home/matthew/go/src/github.com/hyperledger/fabric-chaincode-node/common/temp/node_modules/mocha/lib/runnable.js:364:7)\n    at Runner.runTest (/home/matthew/go/src/github.com/hyperledger/fabric-chaincode-node/common/temp/node_modules/mocha/lib/runner.js:455:10)\n    at /home/matthew/go/src/github.com/hyperledger/fabric-chaincode-node/common/temp/node_modules/mocha/lib/runner.js:573:12\n    at next (/home/matthew/go/src/github.com/hyperledger/fabric-chaincode-node/common/temp/node_modules/mocha/lib/runner.js:369:14)\n    at /home/matthew/go/src/github.com/hyperledger/fabric-chaincode-node/common/temp/node_modules/mocha/lib/runner.js:379:7\n    at next (/home/matthew/go/src/github.com/hyperledger/fabric-chaincode-node/common/temp/node_modules/mocha/lib/runner.js:303:14)\n    at Immediate._onImmediate (/home/matthew/go/src/github.com/hyperledger/fabric-chaincode-node/common/temp/node_modules/mocha/lib/runner.js:347:5)\n    at runCallback (timers.js:705:18)\n    at tryOnImmediate (timers.js:676:5)\n    at processImmediate (timers.js:658:5)" 
2019-09-16T10:33:57.690Z ERROR [lib/handler.js] [theChannelID-aTX] Incorrect payload format. Sending ERROR message back to peer 
2019-09-16T10:33:57.691Z ERROR [lib/handler.js] Failed to construct a chaincode stub instance from the INIT message: an error 
2019-09-16T10:33:57.692Z ERROR [lib/handler.js] [theChannelID-aTX] Calling chaincode Init() has not called success or error. 
2019-09-16T10:33:57.692Z ERROR [lib/handler.js] [theChannelID-aTX] Calling chaincode Init() returned error response [[theChannelID-aTX] Calling chaincode Init() has not called success or error.]. Sending ERROR message back to peer 
2019-09-16T10:33:57.693Z ERROR [lib/handler.js] [theChannelID-aTX] Calling chaincode Invoke() has not called success or error. 
2019-09-16T10:33:57.693Z ERROR [lib/handler.js] [theChannelID-aTX] Calling chaincode Invoke() returned error response [[theChannelID-aTX] Calling chaincode Invoke() has not called success or error.]. Sending ERROR message back to peer 
2019-09-16T10:33:57.695Z ERROR [lib/handler.js] [theChannelID-aTX] Calling chaincode Init() has not called success or error. 
2019-09-16T10:33:57.695Z ERROR [lib/handler.js] [theChannelID-aTX] Calling chaincode Init() returned error response [[theChannelID-aTX] Calling chaincode Init() has not called success or error.]. Sending ERROR message back to peer 
2019-09-16T10:33:57.696Z ERROR [lib/handler.js] [theChannelID-aTX] Calling chaincode Invoke() has not called success or error. 
2019-09-16T10:33:57.696Z ERROR [lib/handler.js] [theChannelID-aTX] Calling chaincode Invoke() returned error response [[theChannelID-aTX] Calling chaincode Invoke() has not called success or error.]. Sending ERROR message back to peer 
2019-09-16T10:33:57.785Z ERROR [lib/iterators.js] unexpected error received getting next value: some error 
2019-09-16T10:33:57.799Z DEBUG   
2019-09-16T10:33:57.799Z DEBUG  hello 
2019-09-16T10:33:57.799Z DEBUG  hello 
	{"one":"two"}
2019-09-16T10:33:57.799Z DEBUG [fred] hello fred 
